JOB START  : Fri Feb 27 12:31:37 MST 2026
HOST       : ai4wy-201
WORKDIR    : /project/ai4wy-eap/nmille39/PRIMVS/LC_DDPM
SLURM JOB  : 2752
GPUS       : unset
CUDA VIS   : 0,1
Fri Feb 27 12:31:40 2026       
+-----------------------------------------------------------------------------------------+
| NVIDIA-SMI 570.133.20             Driver Version: 570.133.20     CUDA Version: 12.8     |
|-----------------------------------------+------------------------+----------------------+
| GPU  Name                 Persistence-M | Bus-Id          Disp.A | Volatile Uncorr. ECC |
| Fan  Temp   Perf          Pwr:Usage/Cap |           Memory-Usage | GPU-Util  Compute M. |
|                                         |                        |               MIG M. |
|=========================================+========================+======================|
|   0  NVIDIA GH200 144G HBM3e        On  |   00000009:01:00.0 Off |                    0 |
| N/A   25C    P0            100W /  700W |       0MiB / 146831MiB |      0%      Default |
|                                         |                        |             Disabled |
+-----------------------------------------+------------------------+----------------------+
|   1  NVIDIA GH200 144G HBM3e        On  |   00000019:01:00.0 Off |                    0 |
| N/A   24C    P0             93W /  700W |       0MiB / 146831MiB |      0%      Default |
|                                         |                        |             Disabled |
+-----------------------------------------+------------------------+----------------------+
                                                                                         
+-----------------------------------------------------------------------------------------+
| Processes:                                                                              |
|  GPU   GI   CI              PID   Type   Process name                        GPU Memory |
|        ID   ID                                                               Usage      |
|=========================================================================================|
|  No running processes found                                                             |
+-----------------------------------------------------------------------------------------+
torch 2.10.0+cpu
cuda False
ngpu 0
